<?xml version="1.0" encoding="UTF-8"?>
<coverage generated="1690815365847" clover="3.2.0">
  <project timestamp="1690815365847" name="All files">
    <metrics statements="102" coveredstatements="102" conditionals="36" coveredconditionals="36" methods="5" coveredmethods="5" elements="143" coveredelements="143" complexity="0" loc="102" ncloc="102" packages="1" files="3" classes="3"/>
    <file name="Calculator.jsx" path="C:\Users\Asus\Desktop\develop\tdd_testing\src\Calculator.jsx">
      <metrics statements="47" coveredstatements="47" conditionals="7" coveredconditionals="7" methods="3" coveredmethods="3"/>
      <line num="1" count="1" type="stmt"/>
      <line num="2" count="1" type="stmt"/>
      <line num="3" count="1" type="stmt"/>
      <line num="4" count="1" type="stmt"/>
      <line num="5" count="1" type="stmt"/>
      <line num="6" count="1" type="stmt"/>
      <line num="7" count="1" type="stmt"/>
      <line num="8" count="1" type="stmt"/>
      <line num="9" count="1" type="stmt"/>
      <line num="10" count="1" type="stmt"/>
      <line num="11" count="1" type="stmt"/>
      <line num="12" count="1" type="stmt"/>
      <line num="13" count="1" type="stmt"/>
      <line num="14" count="1" type="stmt"/>
      <line num="15" count="1" type="stmt"/>
      <line num="16" count="1" type="cond" truecount="1" falsecount="0"/>
      <line num="17" count="22" type="stmt"/>
      <line num="18" count="22" type="stmt"/>
      <line num="19" count="22" type="cond" truecount="2" falsecount="0"/>
      <line num="20" count="22" type="stmt"/>
      <line num="21" count="22" type="stmt"/>
      <line num="22" count="22" type="stmt"/>
      <line num="23" count="22" type="stmt"/>
      <line num="24" count="22" type="stmt"/>
      <line num="25" count="22" type="stmt"/>
      <line num="26" count="22" type="stmt"/>
      <line num="27" count="22" type="cond" truecount="1" falsecount="0"/>
      <line num="28" count="88" type="stmt"/>
      <line num="29" count="88" type="cond" truecount="1" falsecount="0"/>
      <line num="30" count="220" type="stmt"/>
      <line num="31" count="220" type="stmt"/>
      <line num="32" count="220" type="stmt"/>
      <line num="33" count="88" type="stmt"/>
      <line num="34" count="88" type="stmt"/>
      <line num="35" count="22" type="stmt"/>
      <line num="36" count="22" type="stmt"/>
      <line num="37" count="22" type="stmt"/>
      <line num="38" count="22" type="cond" truecount="1" falsecount="0"/>
      <line num="39" count="88" type="stmt"/>
      <line num="40" count="22" type="stmt"/>
      <line num="41" count="22" type="stmt"/>
      <line num="42" count="22" type="stmt"/>
      <line num="43" count="22" type="cond" truecount="1" falsecount="0"/>
      <line num="44" count="22" type="stmt"/>
      <line num="45" count="22" type="stmt"/>
      <line num="46" count="22" type="stmt"/>
      <line num="47" count="22" type="stmt"/>
    </file>
    <file name="can-reconfigure.js" path="C:\Users\Asus\Desktop\develop\tdd_testing\src\can-reconfigure.js">
      <metrics statements="25" coveredstatements="25" conditionals="14" coveredconditionals="14" methods="1" coveredmethods="1"/>
      <line num="1" count="1" type="cond" truecount="1" falsecount="0"/>
      <line num="2" count="7" type="stmt"/>
      <line num="3" count="7" type="cond" truecount="1" falsecount="0"/>
      <line num="4" count="7" type="cond" truecount="2" falsecount="0"/>
      <line num="5" count="5" type="cond" truecount="1" falsecount="0"/>
      <line num="6" count="5" type="stmt"/>
      <line num="7" count="7" type="cond" truecount="1" falsecount="0"/>
      <line num="8" count="3" type="cond" truecount="1" falsecount="0"/>
      <line num="9" count="3" type="stmt"/>
      <line num="10" count="3" type="stmt"/>
      <line num="11" count="7" type="cond" truecount="1" falsecount="0"/>
      <line num="12" count="2" type="cond" truecount="1" falsecount="0"/>
      <line num="13" count="2" type="stmt"/>
      <line num="14" count="7" type="cond" truecount="1" falsecount="0"/>
      <line num="15" count="5" type="stmt"/>
      <line num="16" count="5" type="stmt"/>
      <line num="17" count="5" type="stmt"/>
      <line num="18" count="5" type="stmt"/>
      <line num="19" count="5" type="cond" truecount="3" falsecount="0"/>
      <line num="20" count="4" type="stmt"/>
      <line num="21" count="4" type="stmt"/>
      <line num="22" count="4" type="stmt"/>
      <line num="23" count="1" type="cond" truecount="1" falsecount="0"/>
      <line num="24" count="1" type="stmt"/>
      <line num="25" count="1" type="stmt"/>
    </file>
    <file name="fizzbuzz.js" path="C:\Users\Asus\Desktop\develop\tdd_testing\src\fizzbuzz.js">
      <metrics statements="30" coveredstatements="30" conditionals="15" coveredconditionals="15" methods="1" coveredmethods="1"/>
      <line num="1" count="1" type="stmt"/>
      <line num="2" count="1" type="stmt"/>
      <line num="3" count="1" type="stmt"/>
      <line num="4" count="1" type="stmt"/>
      <line num="5" count="1" type="stmt"/>
      <line num="6" count="1" type="stmt"/>
      <line num="7" count="1" type="cond" truecount="1" falsecount="0"/>
      <line num="8" count="14" type="cond" truecount="1" falsecount="0"/>
      <line num="9" count="14" type="cond" truecount="2" falsecount="0"/>
      <line num="10" count="11" type="cond" truecount="1" falsecount="0"/>
      <line num="11" count="11" type="stmt"/>
      <line num="12" count="11" type="stmt"/>
      <line num="13" count="11" type="stmt"/>
      <line num="14" count="11" type="stmt"/>
      <line num="15" count="11" type="stmt"/>
      <line num="16" count="11" type="stmt"/>
      <line num="17" count="11" type="stmt"/>
      <line num="18" count="11" type="stmt"/>
      <line num="19" count="11" type="cond" truecount="1" falsecount="0"/>
      <line num="20" count="33" type="cond" truecount="1" falsecount="0"/>
      <line num="21" count="11" type="stmt"/>
      <line num="22" count="11" type="stmt"/>
      <line num="23" count="14" type="cond" truecount="2" falsecount="0"/>
      <line num="24" count="10" type="stmt"/>
      <line num="25" count="14" type="cond" truecount="2" falsecount="0"/>
      <line num="26" count="7" type="stmt"/>
      <line num="27" count="14" type="cond" truecount="2" falsecount="0"/>
      <line num="28" count="3" type="stmt"/>
      <line num="29" count="14" type="cond" truecount="2" falsecount="0"/>
      <line num="30" count="14" type="stmt"/>
    </file>
  </project>
</coverage>
