{"C:\\Users\\Asus\\Desktop\\develop\\tdd_testing\\src\\Calculator.jsx": {"path":"C:\\Users\\Asus\\Desktop\\develop\\tdd_testing\\src\\Calculator.jsx","all":false,"statementMap":{"0":{"start":{"line":1,"column":0},"end":{"line":1,"column":39}},"1":{"start":{"line":2,"column":0},"end":{"line":2,"column":33}},"2":{"start":{"line":3,"column":0},"end":{"line":3,"column":0}},"3":{"start":{"line":4,"column":0},"end":{"line":4,"column":53}},"4":{"start":{"line":5,"column":0},"end":{"line":5,"column":0}},"5":{"start":{"line":6,"column":0},"end":{"line":6,"column":14}},"6":{"start":{"line":7,"column":0},"end":{"line":7,"column":12}},"7":{"start":{"line":8,"column":0},"end":{"line":8,"column":12}},"8":{"start":{"line":9,"column":0},"end":{"line":9,"column":12}},"9":{"start":{"line":10,"column":0},"end":{"line":10,"column":5}},"10":{"start":{"line":11,"column":0},"end":{"line":11,"column":1}},"11":{"start":{"line":12,"column":0},"end":{"line":12,"column":0}},"12":{"start":{"line":13,"column":0},"end":{"line":13,"column":46}},"13":{"start":{"line":14,"column":0},"end":{"line":14,"column":28}},"14":{"start":{"line":15,"column":0},"end":{"line":15,"column":0}},"15":{"start":{"line":16,"column":0},"end":{"line":16,"column":33}},"16":{"start":{"line":17,"column":0},"end":{"line":17,"column":40}},"17":{"start":{"line":18,"column":0},"end":{"line":18,"column":0}},"18":{"start":{"line":19,"column":0},"end":{"line":19,"column":66}},"19":{"start":{"line":20,"column":0},"end":{"line":20,"column":167}},"20":{"start":{"line":21,"column":0},"end":{"line":21,"column":0}},"21":{"start":{"line":22,"column":0},"end":{"line":22,"column":10}},"22":{"start":{"line":23,"column":0},"end":{"line":23,"column":13}},"23":{"start":{"line":24,"column":0},"end":{"line":24,"column":25}},"24":{"start":{"line":25,"column":0},"end":{"line":25,"column":38}},"25":{"start":{"line":26,"column":0},"end":{"line":26,"column":23}},"26":{"start":{"line":27,"column":0},"end":{"line":27,"column":33}},"27":{"start":{"line":28,"column":0},"end":{"line":28,"column":36}},"28":{"start":{"line":29,"column":0},"end":{"line":29,"column":30}},"29":{"start":{"line":30,"column":0},"end":{"line":30,"column":71}},"30":{"start":{"line":31,"column":0},"end":{"line":31,"column":24}},"31":{"start":{"line":32,"column":0},"end":{"line":32,"column":23}},"32":{"start":{"line":33,"column":0},"end":{"line":33,"column":14}},"33":{"start":{"line":34,"column":0},"end":{"line":34,"column":16}},"34":{"start":{"line":35,"column":0},"end":{"line":35,"column":11}},"35":{"start":{"line":36,"column":0},"end":{"line":36,"column":0}},"36":{"start":{"line":37,"column":0},"end":{"line":37,"column":9}},"37":{"start":{"line":38,"column":0},"end":{"line":38,"column":39}},"38":{"start":{"line":39,"column":0},"end":{"line":39,"column":95}},"39":{"start":{"line":40,"column":0},"end":{"line":40,"column":12}},"40":{"start":{"line":41,"column":0},"end":{"line":41,"column":9}},"41":{"start":{"line":42,"column":0},"end":{"line":42,"column":0}},"42":{"start":{"line":43,"column":0},"end":{"line":43,"column":78}},"43":{"start":{"line":44,"column":0},"end":{"line":44,"column":12}},"44":{"start":{"line":45,"column":0},"end":{"line":45,"column":14}},"45":{"start":{"line":46,"column":0},"end":{"line":46,"column":3}},"46":{"start":{"line":47,"column":0},"end":{"line":47,"column":1}}},"s":{"0":1,"1":1,"2":1,"3":1,"4":1,"5":1,"6":1,"7":1,"8":1,"9":1,"10":1,"11":1,"12":1,"13":1,"14":1,"15":1,"16":22,"17":22,"18":22,"19":22,"20":22,"21":22,"22":22,"23":22,"24":22,"25":22,"26":22,"27":88,"28":88,"29":220,"30":220,"31":220,"32":88,"33":88,"34":22,"35":22,"36":22,"37":22,"38":88,"39":22,"40":22,"41":22,"42":22,"43":22,"44":22,"45":22,"46":22},"branchMap":{"0":{"type":"branch","line":16,"loc":{"start":{"line":16,"column":26},"end":{"line":47,"column":1}},"locations":[{"start":{"line":16,"column":26},"end":{"line":47,"column":1}}]},"1":{"type":"branch","line":19,"loc":{"start":{"line":19,"column":28},"end":{"line":19,"column":66}},"locations":[{"start":{"line":19,"column":28},"end":{"line":19,"column":66}}]},"2":{"type":"branch","line":19,"loc":{"start":{"line":19,"column":34},"end":{"line":19,"column":66}},"locations":[{"start":{"line":19,"column":34},"end":{"line":19,"column":66}}]},"3":{"type":"branch","line":27,"loc":{"start":{"line":27,"column":18},"end":{"line":34,"column":16}},"locations":[{"start":{"line":27,"column":18},"end":{"line":34,"column":16}}]},"4":{"type":"branch","line":29,"loc":{"start":{"line":29,"column":21},"end":{"line":32,"column":23}},"locations":[{"start":{"line":29,"column":21},"end":{"line":32,"column":23}}]},"5":{"type":"branch","line":38,"loc":{"start":{"line":38,"column":25},"end":{"line":39,"column":95}},"locations":[{"start":{"line":38,"column":25},"end":{"line":39,"column":95}}]},"6":{"type":"branch","line":43,"loc":{"start":{"line":43,"column":25},"end":{"line":43,"column":59}},"locations":[{"start":{"line":43,"column":25},"end":{"line":43,"column":59}}]}},"b":{"0":[22],"1":[308],"2":[10],"3":[88],"4":[220],"5":[88],"6":[1]},"fnMap":{"0":{"name":"Calculator","decl":{"start":{"line":16,"column":26},"end":{"line":47,"column":1}},"loc":{"start":{"line":16,"column":26},"end":{"line":47,"column":1}},"line":16},"1":{"name":"createHandleClick","decl":{"start":{"line":19,"column":28},"end":{"line":19,"column":66}},"loc":{"start":{"line":19,"column":28},"end":{"line":19,"column":66}},"line":19},"2":{"name":"onClick","decl":{"start":{"line":43,"column":25},"end":{"line":43,"column":59}},"loc":{"start":{"line":43,"column":25},"end":{"line":43,"column":59}},"line":43}},"f":{"0":22,"1":308,"2":1}}
,"C:\\Users\\Asus\\Desktop\\develop\\tdd_testing\\src\\can-reconfigure.js": {"path":"C:\\Users\\Asus\\Desktop\\develop\\tdd_testing\\src\\can-reconfigure.js","all":false,"statementMap":{"0":{"start":{"line":1,"column":0},"end":{"line":1,"column":45}},"1":{"start":{"line":2,"column":0},"end":{"line":2,"column":64}},"2":{"start":{"line":3,"column":0},"end":{"line":3,"column":71}},"3":{"start":{"line":4,"column":0},"end":{"line":4,"column":67}},"4":{"start":{"line":5,"column":0},"end":{"line":5,"column":0}},"5":{"start":{"line":6,"column":0},"end":{"line":6,"column":48}},"6":{"start":{"line":7,"column":0},"end":{"line":7,"column":33}},"7":{"start":{"line":8,"column":0},"end":{"line":8,"column":0}},"8":{"start":{"line":9,"column":0},"end":{"line":9,"column":218}},"9":{"start":{"line":10,"column":0},"end":{"line":10,"column":0}},"10":{"start":{"line":11,"column":0},"end":{"line":11,"column":41}},"11":{"start":{"line":12,"column":0},"end":{"line":12,"column":0}},"12":{"start":{"line":13,"column":0},"end":{"line":13,"column":97}},"13":{"start":{"line":14,"column":0},"end":{"line":14,"column":41}},"14":{"start":{"line":15,"column":0},"end":{"line":15,"column":30}},"15":{"start":{"line":16,"column":0},"end":{"line":16,"column":26}},"16":{"start":{"line":17,"column":0},"end":{"line":17,"column":0}},"17":{"start":{"line":18,"column":0},"end":{"line":18,"column":214}},"18":{"start":{"line":19,"column":0},"end":{"line":19,"column":201}},"19":{"start":{"line":20,"column":0},"end":{"line":20,"column":0}},"20":{"start":{"line":21,"column":0},"end":{"line":21,"column":42}},"21":{"start":{"line":22,"column":0},"end":{"line":22,"column":3}},"22":{"start":{"line":23,"column":0},"end":{"line":23,"column":0}},"23":{"start":{"line":24,"column":0},"end":{"line":24,"column":13}},"24":{"start":{"line":25,"column":0},"end":{"line":25,"column":1}}},"s":{"0":1,"1":7,"2":7,"3":7,"4":5,"5":5,"6":7,"7":3,"8":3,"9":3,"10":7,"11":2,"12":2,"13":7,"14":5,"15":5,"16":5,"17":5,"18":5,"19":4,"20":4,"21":4,"22":1,"23":1,"24":1},"branchMap":{"0":{"type":"branch","line":1,"loc":{"start":{"line":1,"column":30},"end":{"line":25,"column":1}},"locations":[{"start":{"line":1,"column":30},"end":{"line":25,"column":1}}]},"1":{"type":"branch","line":3,"loc":{"start":{"line":3,"column":32},"end":{"line":3,"column":71}},"locations":[{"start":{"line":3,"column":32},"end":{"line":3,"column":71}}]},"2":{"type":"branch","line":4,"loc":{"start":{"line":4,"column":-2},"end":{"line":4,"column":30}},"locations":[{"start":{"line":4,"column":-2},"end":{"line":4,"column":30}}]},"3":{"type":"branch","line":4,"loc":{"start":{"line":4,"column":30},"end":{"line":4,"column":67}},"locations":[{"start":{"line":4,"column":30},"end":{"line":4,"column":67}}]},"4":{"type":"branch","line":5,"loc":{"start":{"line":5,"column":-2},"end":{"line":7,"column":21}},"locations":[{"start":{"line":5,"column":-2},"end":{"line":7,"column":21}}]},"5":{"type":"branch","line":7,"loc":{"start":{"line":7,"column":21},"end":{"line":7,"column":33}},"locations":[{"start":{"line":7,"column":21},"end":{"line":7,"column":33}}]},"6":{"type":"branch","line":8,"loc":{"start":{"line":8,"column":-2},"end":{"line":11,"column":29}},"locations":[{"start":{"line":8,"column":-2},"end":{"line":11,"column":29}}]},"7":{"type":"branch","line":11,"loc":{"start":{"line":11,"column":29},"end":{"line":11,"column":41}},"locations":[{"start":{"line":11,"column":29},"end":{"line":11,"column":41}}]},"8":{"type":"branch","line":12,"loc":{"start":{"line":12,"column":-2},"end":{"line":14,"column":40}},"locations":[{"start":{"line":12,"column":-2},"end":{"line":14,"column":40}}]},"9":{"type":"branch","line":14,"loc":{"start":{"line":14,"column":40},"end":{"line":22,"column":3}},"locations":[{"start":{"line":14,"column":40},"end":{"line":22,"column":3}}]},"10":{"type":"branch","line":19,"loc":{"start":{"line":19,"column":21},"end":{"line":19,"column":49}},"locations":[{"start":{"line":19,"column":21},"end":{"line":19,"column":49}}]},"11":{"type":"branch","line":19,"loc":{"start":{"line":19,"column":51},"end":{"line":19,"column":63}},"locations":[{"start":{"line":19,"column":51},"end":{"line":19,"column":63}}]},"12":{"type":"branch","line":19,"loc":{"start":{"line":19,"column":63},"end":{"line":22,"column":3}},"locations":[{"start":{"line":19,"column":63},"end":{"line":22,"column":3}}]},"13":{"type":"branch","line":23,"loc":{"start":{"line":23,"column":-2},"end":{"line":25,"column":1}},"locations":[{"start":{"line":23,"column":-2},"end":{"line":25,"column":1}}]}},"b":{"0":[7],"1":[1],"2":[6],"3":[1],"4":[5],"5":[2],"6":[3],"7":[1],"8":[2],"9":[5],"10":[1],"11":[1],"12":[4],"13":[1]},"fnMap":{"0":{"name":"canReconfigure","decl":{"start":{"line":1,"column":30},"end":{"line":25,"column":1}},"loc":{"start":{"line":1,"column":30},"end":{"line":25,"column":1}},"line":1}},"f":{"0":7}}
,"C:\\Users\\Asus\\Desktop\\develop\\tdd_testing\\src\\fizzbuzz.js": {"path":"C:\\Users\\Asus\\Desktop\\develop\\tdd_testing\\src\\fizzbuzz.js","all":false,"statementMap":{"0":{"start":{"line":1,"column":0},"end":{"line":1,"column":49}},"1":{"start":{"line":2,"column":0},"end":{"line":2,"column":38}},"2":{"start":{"line":3,"column":0},"end":{"line":3,"column":38}},"3":{"start":{"line":4,"column":0},"end":{"line":4,"column":46}},"4":{"start":{"line":5,"column":0},"end":{"line":5,"column":52}},"5":{"start":{"line":6,"column":0},"end":{"line":6,"column":0}},"6":{"start":{"line":7,"column":0},"end":{"line":7,"column":37}},"7":{"start":{"line":8,"column":0},"end":{"line":8,"column":88}},"8":{"start":{"line":9,"column":0},"end":{"line":9,"column":82}},"9":{"start":{"line":10,"column":0},"end":{"line":10,"column":0}},"10":{"start":{"line":11,"column":0},"end":{"line":11,"column":308}},"11":{"start":{"line":12,"column":0},"end":{"line":12,"column":0}},"12":{"start":{"line":13,"column":0},"end":{"line":13,"column":56}},"13":{"start":{"line":14,"column":0},"end":{"line":14,"column":0}},"14":{"start":{"line":15,"column":0},"end":{"line":15,"column":17}},"15":{"start":{"line":16,"column":0},"end":{"line":16,"column":0}},"16":{"start":{"line":17,"column":0},"end":{"line":17,"column":8}},"17":{"start":{"line":18,"column":0},"end":{"line":18,"column":24}},"18":{"start":{"line":19,"column":0},"end":{"line":19,"column":38}},"19":{"start":{"line":20,"column":0},"end":{"line":20,"column":51}},"20":{"start":{"line":21,"column":0},"end":{"line":21,"column":6}},"21":{"start":{"line":22,"column":0},"end":{"line":22,"column":0}},"22":{"start":{"line":23,"column":0},"end":{"line":23,"column":63}},"23":{"start":{"line":24,"column":0},"end":{"line":24,"column":0}},"24":{"start":{"line":25,"column":0},"end":{"line":25,"column":54}},"25":{"start":{"line":26,"column":0},"end":{"line":26,"column":0}},"26":{"start":{"line":27,"column":0},"end":{"line":27,"column":54}},"27":{"start":{"line":28,"column":0},"end":{"line":28,"column":0}},"28":{"start":{"line":29,"column":0},"end":{"line":29,"column":40}},"29":{"start":{"line":30,"column":0},"end":{"line":30,"column":1}}},"s":{"0":1,"1":1,"2":1,"3":1,"4":1,"5":1,"6":1,"7":14,"8":14,"9":11,"10":11,"11":11,"12":11,"13":11,"14":11,"15":11,"16":11,"17":11,"18":11,"19":33,"20":11,"21":11,"22":14,"23":10,"24":14,"25":7,"26":14,"27":3,"28":14,"29":14},"branchMap":{"0":{"type":"branch","line":7,"loc":{"start":{"line":7,"column":24},"end":{"line":30,"column":1}},"locations":[{"start":{"line":7,"column":24},"end":{"line":30,"column":1}}]},"1":{"type":"branch","line":8,"loc":{"start":{"line":8,"column":34},"end":{"line":8,"column":88}},"locations":[{"start":{"line":8,"column":34},"end":{"line":8,"column":88}}]},"2":{"type":"branch","line":9,"loc":{"start":{"line":9,"column":-2},"end":{"line":9,"column":28}},"locations":[{"start":{"line":9,"column":-2},"end":{"line":9,"column":28}}]},"3":{"type":"branch","line":9,"loc":{"start":{"line":9,"column":28},"end":{"line":9,"column":82}},"locations":[{"start":{"line":9,"column":28},"end":{"line":9,"column":82}}]},"4":{"type":"branch","line":10,"loc":{"start":{"line":10,"column":-2},"end":{"line":23,"column":25}},"locations":[{"start":{"line":10,"column":-2},"end":{"line":23,"column":25}}]},"5":{"type":"branch","line":23,"loc":{"start":{"line":23,"column":25},"end":{"line":23,"column":42}},"locations":[{"start":{"line":23,"column":25},"end":{"line":23,"column":42}}]},"6":{"type":"branch","line":23,"loc":{"start":{"line":23,"column":42},"end":{"line":25,"column":24}},"locations":[{"start":{"line":23,"column":42},"end":{"line":25,"column":24}}]},"7":{"type":"branch","line":25,"loc":{"start":{"line":25,"column":24},"end":{"line":25,"column":37}},"locations":[{"start":{"line":25,"column":24},"end":{"line":25,"column":37}}]},"8":{"type":"branch","line":25,"loc":{"start":{"line":25,"column":37},"end":{"line":27,"column":24}},"locations":[{"start":{"line":25,"column":37},"end":{"line":27,"column":24}}]},"9":{"type":"branch","line":27,"loc":{"start":{"line":27,"column":24},"end":{"line":27,"column":37}},"locations":[{"start":{"line":27,"column":24},"end":{"line":27,"column":37}}]},"10":{"type":"branch","line":27,"loc":{"start":{"line":27,"column":37},"end":{"line":29,"column":23}},"locations":[{"start":{"line":27,"column":37},"end":{"line":29,"column":23}}]},"11":{"type":"branch","line":29,"loc":{"start":{"line":29,"column":23},"end":{"line":29,"column":31}},"locations":[{"start":{"line":29,"column":23},"end":{"line":29,"column":31}}]},"12":{"type":"branch","line":29,"loc":{"start":{"line":29,"column":32},"end":{"line":29,"column":40}},"locations":[{"start":{"line":29,"column":32},"end":{"line":29,"column":40}}]},"13":{"type":"branch","line":19,"loc":{"start":{"line":19,"column":13},"end":{"line":21,"column":5}},"locations":[{"start":{"line":19,"column":13},"end":{"line":21,"column":5}}]},"14":{"type":"branch","line":20,"loc":{"start":{"line":20,"column":37},"end":{"line":20,"column":51}},"locations":[{"start":{"line":20,"column":37},"end":{"line":20,"column":51}}]}},"b":{"0":[14],"1":[2],"2":[12],"3":[1],"4":[11],"5":[1],"6":[10],"7":[3],"8":[7],"9":[4],"10":[3],"11":[2],"12":[1],"13":[33],"14":[10]},"fnMap":{"0":{"name":"fizzbuzz","decl":{"start":{"line":7,"column":24},"end":{"line":30,"column":1}},"loc":{"start":{"line":7,"column":24},"end":{"line":30,"column":1}},"line":7}},"f":{"0":14}}
}
